<?xml version="1.0" encoding="UTF-8"?>
<!-- Generated by org.testng.reporters.JUnitXMLReporter -->
<testsuite hostname="RSLPTP862" ignored="4" name="Test" tests="3" failures="0" timestamp="14 Apr 2019 08:00:58 GMT" time="97.128" errors="0">
  <testcase name="contactPageTest" time="1.504" classname="com.automation.tests.ContactPageTest"/>
  <testcase name="dealPageTest" time="2.273" classname="com.automation.tests.DealPageTest"/>
  <testcase name="logoTest" time="0.082" classname="com.automation.tests.HomePageTest"/>
  <testcase name="newContactPageTest" time="0.0" classname="com.automation.tests.ContactPageTest">
    <ignored/>
  </testcase> <!-- newContactPageTest -->
  <testcase name="upgradeTest" time="0.0" classname="com.automation.tests.HomePageTest">
    <ignored/>
  </testcase> <!-- upgradeTest -->
  <testcase name="successfullyLoginTest" time="0.0" classname="com.automation.tests.HomePageTest">
    <ignored/>
  </testcase> <!-- successfullyLoginTest -->
  <testcase name="newDealPageTest" time="0.0" classname="com.automation.tests.DealPageTest">
    <ignored/>
  </testcase> <!-- newDealPageTest -->
</testsuite> <!-- Test -->
