<?xml version="1.0" encoding="UTF-8"?>
<testng-results skipped="0" failed="0" ignored="4" total="7" passed="3">
  <reporter-output>
  </reporter-output>
  <suite name="Suite" duration-ms="97128" started-at="2019-04-14T07:59:21Z" finished-at="2019-04-14T08:00:58Z">
    <groups>
    </groups>
    <test name="Test" duration-ms="97128" started-at="2019-04-14T07:59:21Z" finished-at="2019-04-14T08:00:58Z">
      <class name="com.automation.tests.DealPageTest">
        <test-method status="PASS" signature="startTest()[pri:0, instance:com.automation.tests.DealPageTest@4abdb505]" name="startTest" is-config="true" duration-ms="26538" started-at="2019-04-14T08:00:02Z" finished-at="2019-04-14T08:00:28Z">
          <reporter-output>
          </reporter-output>
        </test-method> <!-- startTest -->
        <test-method status="PASS" signature="dealPageTest()[pri:1, instance:com.automation.tests.DealPageTest@4abdb505]" name="dealPageTest" duration-ms="2273" started-at="2019-04-14T08:00:28Z" finished-at="2019-04-14T08:00:31Z">
          <reporter-output>
          </reporter-output>
        </test-method> <!-- dealPageTest -->
        <test-method status="PASS" signature="stopTest()[pri:0, instance:com.automation.tests.DealPageTest@4abdb505]" name="stopTest" is-config="true" duration-ms="2993" started-at="2019-04-14T08:00:31Z" finished-at="2019-04-14T08:00:34Z">
          <reporter-output>
          </reporter-output>
        </test-method> <!-- stopTest -->
      </class> <!-- com.automation.tests.DealPageTest -->
      <class name="com.automation.tests.HomePageTest">
        <test-method status="PASS" signature="startTest()[pri:0, instance:com.automation.tests.HomePageTest@7ce6a65d]" name="startTest" is-config="true" duration-ms="21163" started-at="2019-04-14T08:00:34Z" finished-at="2019-04-14T08:00:55Z">
          <reporter-output>
          </reporter-output>
        </test-method> <!-- startTest -->
        <test-method status="PASS" signature="logoTest()[pri:2, instance:com.automation.tests.HomePageTest@7ce6a65d]" name="logoTest" duration-ms="82" started-at="2019-04-14T08:00:55Z" finished-at="2019-04-14T08:00:55Z">
          <reporter-output>
          </reporter-output>
        </test-method> <!-- logoTest -->
        <test-method status="PASS" signature="stopTest()[pri:0, instance:com.automation.tests.HomePageTest@7ce6a65d]" name="stopTest" is-config="true" duration-ms="2617" started-at="2019-04-14T08:00:55Z" finished-at="2019-04-14T08:00:58Z">
          <reporter-output>
          </reporter-output>
        </test-method> <!-- stopTest -->
      </class> <!-- com.automation.tests.HomePageTest -->
      <class name="com.automation.tests.ContactPageTest">
        <test-method status="PASS" signature="startTest()[pri:0, instance:com.automation.tests.ContactPageTest@26a7b76d]" name="startTest" is-config="true" duration-ms="36331" started-at="2019-04-14T07:59:21Z" finished-at="2019-04-14T07:59:57Z">
          <reporter-output>
          </reporter-output>
        </test-method> <!-- startTest -->
        <test-method status="PASS" signature="contactPageTest()[pri:1, instance:com.automation.tests.ContactPageTest@26a7b76d]" name="contactPageTest" duration-ms="1504" started-at="2019-04-14T07:59:57Z" finished-at="2019-04-14T07:59:59Z">
          <reporter-output>
          </reporter-output>
        </test-method> <!-- contactPageTest -->
        <test-method status="PASS" signature="stopTest()[pri:0, instance:com.automation.tests.ContactPageTest@26a7b76d]" name="stopTest" is-config="true" duration-ms="2490" started-at="2019-04-14T07:59:59Z" finished-at="2019-04-14T08:00:02Z">
          <reporter-output>
          </reporter-output>
        </test-method> <!-- stopTest -->
      </class> <!-- com.automation.tests.ContactPageTest -->
    </test> <!-- Test -->
  </suite> <!-- Suite -->
</testng-results>
